{"C:\\Users\\gelra\\Documents\\Caio Vitor\\RPG_project\\src\\Person.ts": {"path":"C:\\Users\\gelra\\Documents\\Caio Vitor\\RPG_project\\src\\Person.ts","statementMap":{"0":{"start":{"line":3,"column":17},"end":{"line":3,"column":24}},"1":{"start":{"line":4,"column":4},"end":{"line":4,"column":16}},"2":{"start":{"line":1,"column":0},"end":{"line":1,"column":13}}},"fnMap":{"0":{"name":"(anonymous_0)","decl":{"start":{"line":2,"column":2},"end":{"line":2,"column":11}},"loc":{"start":{"line":2,"column":11},"end":{"line":5,"column":3}}}},"branchMap":{},"s":{"0":1,"1":1,"2":1},"f":{"0":1},"b":{}}
}
